
I will  only modify this version for bugs.

For further updates see new-clip.


2009-12-06 : Angelo GIRARDI

	- 	Replaced all instances ClipMachine *cm and ClipMachine *mp
		by ClipMachine *ClipMachineMemory => explicit long names use.

	-	Replaced all instances from ClipVartype :
		UNDEF_t
		CHARACTER_t
		NUMERIC_t
		LOGICAL_t
		DATE_t
		ARRAY_t
		MAP_t
		OBJECT_t
		CCODE_t
		PCODE_t
		MEMO_T
		DATETIME_t	to 	*ype_of_ClipVarType

	-	Replaced all instances from ClipFlags :
		F_NONE
		F_MPTR
		F_MSTAT
		F_MREF		to 	*_ClipFlags